<?xml version="1.0" encoding="UTF-8"?>
<testng-results skipped="0" failed="0" total="1" passed="1">
  <reporter-output>
  </reporter-output>
  <suite name="regression" duration-ms="10027" started-at="2018-05-30T18:05:59Z" finished-at="2018-05-30T18:06:09Z">
    <groups>
    </groups>
    <test name="window" duration-ms="10027" started-at="2018-05-30T18:05:59Z" finished-at="2018-05-30T18:06:09Z">
      <class name="com.selenium.testscripts.GoogleScript">
        <test-method status="PASS" signature="setUp()[pri:0, instance:com.selenium.testscripts.GoogleScript@614c5515]" name="setUp" is-config="true" duration-ms="8744" started-at="2018-05-30T14:05:59Z" finished-at="2018-05-30T14:06:08Z">
          <reporter-output>
          </reporter-output>
        </test-method> <!-- setUp -->
        <test-method status="PASS" signature="googleSearch()[pri:0, instance:com.selenium.testscripts.GoogleScript@614c5515]" name="googleSearch" duration-ms="1264" started-at="2018-05-30T14:06:08Z" finished-at="2018-05-30T14:06:09Z">
          <reporter-output>
          </reporter-output>
        </test-method> <!-- googleSearch -->
      </class> <!-- com.selenium.testscripts.GoogleScript -->
    </test> <!-- window -->
  </suite> <!-- regression -->
</testng-results>
