<?xml version="1.0" encoding="UTF-8"?>
<testng-results skipped="0" failed="0" ignored="0" total="1" passed="1">
  <reporter-output>
  </reporter-output>
  <suite name="Default suite" duration-ms="6809" started-at="2018-05-29T19:21:11Z" finished-at="2018-05-29T19:21:18Z">
    <groups>
    </groups>
    <test name="Default test" duration-ms="6809" started-at="2018-05-29T19:21:11Z" finished-at="2018-05-29T19:21:18Z">
      <class name="com.selenium.testscripts.GoogleScript">
        <test-method status="PASS" signature="setUp()[pri:0, instance:com.selenium.testscripts.GoogleScript@eafc191]" name="setUp" is-config="true" duration-ms="6078" started-at="2018-05-29T19:21:11Z" finished-at="2018-05-29T19:21:18Z">
          <reporter-output>
          </reporter-output>
        </test-method> <!-- setUp -->
        <test-method status="PASS" signature="googleSearch()[pri:0, instance:com.selenium.testscripts.GoogleScript@eafc191]" name="googleSearch" duration-ms="696" started-at="2018-05-29T19:21:18Z" finished-at="2018-05-29T19:21:18Z">
          <reporter-output>
          </reporter-output>
        </test-method> <!-- googleSearch -->
      </class> <!-- com.selenium.testscripts.GoogleScript -->
    </test> <!-- Default test -->
  </suite> <!-- Default suite -->
</testng-results>
